<?xml version="1.0" encoding="UTF-8"?>
<testsuite name="com.taotas.selenideintro.N2OTest" tests="1" skipped="0" failures="0" errors="0" timestamp="2022-03-15T14:15:58" hostname="DESKTOP-JJP6FBD" time="11.031">
  <properties/>
  <testcase name="shouldSearch()" classname="com.taotas.selenideintro.N2OTest" time="11.031"/>
  <system-out><![CDATA[]]></system-out>
  <system-err><![CDATA[SLF4J: Failed to load class "org.slf4j.impl.StaticLoggerBinder".
SLF4J: Defaulting to no-operation (NOP) logger implementation
SLF4J: See http://www.slf4j.org/codes.html#StaticLoggerBinder for further details.
Starting ChromeDriver 99.0.4844.51 (d537ec02474b5afe23684e7963d538896c63ac77-refs/branch-heads/4844@{#875}) on port 63131
Only local connections are allowed.
Please see https://chromedriver.chromium.org/security-considerations for suggestions on keeping ChromeDriver safe.
ChromeDriver was started successfully.
мар. 15, 2022 5:16:00 PM org.openqa.selenium.remote.ProtocolHandshake createSession
INFO: Detected dialect: W3C
мар. 15, 2022 5:16:00 PM org.openqa.selenium.devtools.CdpVersionFinder findNearestMatch
WARNING: Unable to find an exact match for CDP version 99, so returning the closest version found: 97
мар. 15, 2022 5:16:00 PM org.openqa.selenium.devtools.CdpVersionFinder findNearestMatch
INFO: Found CDP implementation for version 99 of 97
]]></system-err>
</testsuite>
